Build started 26.10.2015 23:34:41.
     1>Project "C:\Users\Андрей\Desktop\osisp_lab1_painter\OSISPPainter\OSISPPainter\OSISPPainter.vcxproj" on node 2 (Build target(s)).
     1>ClCompile:
         C:\Program Files (x86)\Microsoft Visual Studio 12.0\VC\bin\CL.exe /c /ZI /nologo /W3 /WX- /sdl /Od /Oy- /D WIN32 /D _DEBUG /D _WINDOWS /D _UNICODE /D UNICODE /Gm /EHsc /RTC1 /MDd /GS /fp:precise /Zc:wchar_t /Zc:forScope /Yu"stdafx.h" /Fp"Debug\OSISPPainter.pch" /Fo"Debug\\" /Fd"Debug\vc120.pdb" /Gd /TP /analyze- /errorReport:prompt OSISPPainter.cpp
         OSISPPainter.cpp
     1>c:\users\андрей\desktop\osisp_lab1_painter\osisppainter\osisppainter\osisppainter.cpp(263): warning C4244: '=' : conversion from 'double' to 'LONG', possible loss of data
     1>c:\users\андрей\desktop\osisp_lab1_painter\osisppainter\osisppainter\osisppainter.cpp(264): warning C4244: '=' : conversion from 'double' to 'LONG', possible loss of data
     1>c:\users\андрей\desktop\osisp_lab1_painter\osisppainter\osisppainter\osisppainter.cpp(280): warning C4244: 'argument' : conversion from 'double' to 'int', possible loss of data
     1>c:\users\андрей\desktop\osisp_lab1_painter\osisppainter\osisppainter\osisppainter.cpp(295): warning C4244: '=' : conversion from 'double' to 'int', possible loss of data
     1>c:\users\андрей\desktop\osisp_lab1_painter\osisppainter\osisppainter\osisppainter.cpp(296): warning C4244: '=' : conversion from 'double' to 'int', possible loss of data
     1>c:\users\андрей\desktop\osisp_lab1_painter\osisppainter\osisppainter\osisppainter.cpp(310): warning C4244: 'argument' : conversion from 'double' to 'int', possible loss of data
     1>c:\users\андрей\desktop\osisp_lab1_painter\osisppainter\osisppainter\osisppainter.cpp(401): warning C4244: 'argument' : conversion from 'double' to 'int', possible loss of data
       ResourceCompile:
         C:\Program Files (x86)\Windows Kits\8.1\bin\x86\rc.exe /D _UNICODE /D UNICODE /l"0x0409" /nologo /fo"Debug\OSISPPainter.res" OSISPPainter.rc 
       Link:
         C:\Program Files (x86)\Microsoft Visual Studio 12.0\VC\bin\link.exe /ERRORREPORT:PROMPT /OUT:"C:\Users\Андрей\Desktop\osisp_lab1_painter\OSISPPainter\Debug\OSISPPainter.exe" /INCREMENTAL /NOLOGO kernel32.lib user32.lib gdi32.lib winspool.lib comdlg32.lib advapi32.lib shell32.lib ole32.lib oleaut32.lib uuid.lib odbc32.lib odbccp32.lib /MANIFEST /MANIFESTUAC:"level='asInvoker' uiAccess='false'" /manifest:embed /DEBUG /PDB:"C:\Users\Андрей\Desktop\osisp_lab1_painter\OSISPPainter\Debug\OSISPPainter.pdb" /SUBSYSTEM:WINDOWS /TLBID:1 /DYNAMICBASE /NXCOMPAT /IMPLIB:"C:\Users\Андрей\Desktop\osisp_lab1_painter\OSISPPainter\Debug\OSISPPainter.lib" /MACHINE:X86 Debug\OSISPPainter.res
         Debug\OSISPPainter.obj
         Debug\stdafx.obj
         OSISPPainter.vcxproj -> C:\Users\Андрей\Desktop\osisp_lab1_painter\OSISPPainter\Debug\OSISPPainter.exe
     1>Done Building Project "C:\Users\Андрей\Desktop\osisp_lab1_painter\OSISPPainter\OSISPPainter\OSISPPainter.vcxproj" (Build target(s)).

Build succeeded.

Time Elapsed 00:00:05.55
